0 info it worked if it ends with ok
1 verbose cli [ 'node',
1 verbose cli   '/usr/local/bin/npm',
1 verbose cli   'install',
1 verbose cli   '-g',
1 verbose cli   'phaser-browserify' ]
2 info using npm@1.4.28
3 info using node@v0.10.35
4 verbose cache add [ 'phaser-browserify', null ]
5 verbose cache add name=undefined spec="phaser-browserify" args=["phaser-browserify",null]
6 verbose parsed url { protocol: null,
6 verbose parsed url   slashes: null,
6 verbose parsed url   auth: null,
6 verbose parsed url   host: null,
6 verbose parsed url   port: null,
6 verbose parsed url   hostname: null,
6 verbose parsed url   hash: null,
6 verbose parsed url   search: null,
6 verbose parsed url   query: null,
6 verbose parsed url   pathname: 'phaser-browserify',
6 verbose parsed url   path: 'phaser-browserify',
6 verbose parsed url   href: 'phaser-browserify' }
7 silly lockFile 34e9daa4-phaser-browserify phaser-browserify
8 verbose lock phaser-browserify /Users/ianlintner/.npm/34e9daa4-phaser-browserify.lock
9 silly lockFile 34e9daa4-phaser-browserify phaser-browserify
10 silly lockFile 34e9daa4-phaser-browserify phaser-browserify
11 verbose addNamed [ 'phaser-browserify', '' ]
12 verbose addNamed [ null, '*' ]
13 silly lockFile 36d60960-phaser-browserify phaser-browserify@
14 verbose lock phaser-browserify@ /Users/ianlintner/.npm/36d60960-phaser-browserify.lock
15 silly addNameRange { name: 'phaser-browserify', range: '*', hasData: false }
16 verbose request where is /phaser-browserify
17 verbose request registry https://registry.npmjs.org/
18 verbose request id fa1d5c05c063df1c
19 verbose url raw /phaser-browserify
20 verbose url resolving [ 'https://registry.npmjs.org/', './phaser-browserify' ]
21 verbose url resolved https://registry.npmjs.org/phaser-browserify
22 verbose request where is https://registry.npmjs.org/phaser-browserify
23 info trying registry request attempt 1 at 15:43:13
24 http GET https://registry.npmjs.org/phaser-browserify
25 http 404 https://registry.npmjs.org/phaser-browserify
26 silly registry.get cb [ 404,
26 silly registry.get   { 'content-type': 'application/json',
26 silly registry.get     'cache-control': 'max-age=0',
26 silly registry.get     'content-length': '2',
26 silly registry.get     'accept-ranges': 'bytes',
26 silly registry.get     date: 'Tue, 03 Nov 2015 21:43:14 GMT',
26 silly registry.get     via: '1.1 varnish',
26 silly registry.get     age: '0',
26 silly registry.get     connection: 'keep-alive',
26 silly registry.get     'x-served-by': 'cache-atl6233-ATL',
26 silly registry.get     'x-cache': 'MISS',
26 silly registry.get     'x-cache-hits': '0',
26 silly registry.get     'x-timer': 'S1446586993.713982,VS0,VE389' } ]
27 silly lockFile 36d60960-phaser-browserify phaser-browserify@
28 silly lockFile 36d60960-phaser-browserify phaser-browserify@
29 error 404 Not Found
29 error 404
29 error 404 'phaser-browserify' is not in the npm registry.
29 error 404 You should bug the author to publish it
29 error 404
29 error 404 Note that you can also install from a
29 error 404 tarball, folder, or http url, or git url.
30 error System Darwin 15.0.0
31 error command "node" "/usr/local/bin/npm" "install" "-g" "phaser-browserify"
32 error cwd /Users/ianlintner/Documents/Projects/pixelcrawl
33 error node -v v0.10.35
34 error npm -v 1.4.28
35 error code E404
36 verbose exit [ 1, true ]
